<?xml version="1.0" encoding="UTF-8"?>
<testsuite name="br.com.actionlabs.carboncalc.UsersServiceTest" tests="9" skipped="0" failures="0" errors="0" timestamp="2025-08-13T13:44:03" hostname="fedora" time="0.956">
  <properties/>
  <testcase name="should return false when user carbon is not saved" classname="br.com.actionlabs.carboncalc.UsersServiceTest" time="0.889"/>
  <testcase name="should return false when a email already exists" classname="br.com.actionlabs.carboncalc.UsersServiceTest" time="0.006"/>
  <testcase name="should return true when a valid phone number is provided" classname="br.com.actionlabs.carboncalc.UsersServiceTest" time="0.004"/>
  <testcase name="should return false when an invalid phone number is provided" classname="br.com.actionlabs.carboncalc.UsersServiceTest" time="0.004"/>
  <testcase name="should return true when user carbon is saved" classname="br.com.actionlabs.carboncalc.UsersServiceTest" time="0.006"/>
  <testcase name="should return true when user is saved" classname="br.com.actionlabs.carboncalc.UsersServiceTest" time="0.008"/>
  <testcase name="should return true when a email already exists" classname="br.com.actionlabs.carboncalc.UsersServiceTest" time="0.006"/>
  <testcase name="should return exception when user is not found" classname="br.com.actionlabs.carboncalc.UsersServiceTest" time="0.008"/>
  <testcase name="should throw exception when user is not saved" classname="br.com.actionlabs.carboncalc.UsersServiceTest" time="0.011"/>
  <system-out><![CDATA[]]></system-out>
  <system-err><![CDATA[]]></system-err>
</testsuite>
