<?xml version="1.0" encoding="UTF-8"?>
<testsuite name="br.com.actionlabs.carboncalc.UsersServiceTest" tests="6" skipped="0" failures="1" errors="0" timestamp="2025-08-13T01:56:56" hostname="fedora" time="0.975">
  <properties/>
  <testcase name="should return false when a email already exists" classname="br.com.actionlabs.carboncalc.UsersServiceTest" time="0.926"/>
  <testcase name="should return true when a valid phone number is provided" classname="br.com.actionlabs.carboncalc.UsersServiceTest" time="0.005"/>
  <testcase name="should return false when an invalid phone number is provided" classname="br.com.actionlabs.carboncalc.UsersServiceTest" time="0.003"/>
  <testcase name="should return true when user is saved" classname="br.com.actionlabs.carboncalc.UsersServiceTest" time="0.013"/>
  <testcase name="should return true when a email already exists" classname="br.com.actionlabs.carboncalc.UsersServiceTest" time="0.004"/>
  <testcase name="should return null when user is not saved" classname="br.com.actionlabs.carboncalc.UsersServiceTest" time="0.013">
    <failure message="java.lang.NullPointerException: Cannot invoke &quot;br.com.actionlabs.carboncalc.model.Users.getId()&quot; because the return value of &quot;br.com.actionlabs.carboncalc.repository.UsersRepository.save(Object)&quot; is null" type="java.lang.NullPointerException">java.lang.NullPointerException: Cannot invoke &quot;br.com.actionlabs.carboncalc.model.Users.getId()&quot; because the return value of &quot;br.com.actionlabs.carboncalc.repository.UsersRepository.save(Object)&quot; is null
	at br.com.actionlabs.carboncalc.services.UsersService.saveUser(UsersService.java:35)
	at br.com.actionlabs.carboncalc.UsersServiceTest.testUserNotSaved(UsersServiceTest.java:111)
	at java.base/java.lang.reflect.Method.invoke(Method.java:569)
	at java.base/java.util.ArrayList.forEach(ArrayList.java:1511)
	at java.base/java.util.ArrayList.forEach(ArrayList.java:1511)
</failure>
  </testcase>
  <system-out><![CDATA[]]></system-out>
  <system-err><![CDATA[]]></system-err>
</testsuite>
